0 info it worked if it ends with ok
1 verbose cli [ '/usr/local/bin/node',
1 verbose cli   '/usr/local/bin/npm',
1 verbose cli   'install',
1 verbose cli   '-g',
1 verbose cli   'ios-deploy' ]
2 info using npm@3.7.3
3 info using node@v5.8.0
4 silly loadCurrentTree Starting
5 silly install loadCurrentTree
6 silly install readGlobalPackageData
7 silly fetchPackageMetaData ios-deploy
8 silly fetchNamedPackageData ios-deploy
9 silly mapToRegistry name ios-deploy
10 silly mapToRegistry using default registry
11 silly mapToRegistry registry https://registry.npmjs.org/
12 silly mapToRegistry uri https://registry.npmjs.org/ios-deploy
13 verbose request uri https://registry.npmjs.org/ios-deploy
14 verbose request no auth needed
15 info attempt registry request try #1 at 10:32:12 AM
16 verbose request id a8ce286802d5f1f7
17 verbose etag "4CUS9875CC3DGHUBAFHHN6HOD"
18 http request GET https://registry.npmjs.org/ios-deploy
19 http 304 https://registry.npmjs.org/ios-deploy
20 verbose headers { date: 'Tue, 15 Mar 2016 13:32:12 GMT',
20 verbose headers   via: '1.1 varnish',
20 verbose headers   'cache-control': 'max-age=300',
20 verbose headers   etag: '"4CUS9875CC3DGHUBAFHHN6HOD"',
20 verbose headers   age: '15',
20 verbose headers   connection: 'keep-alive',
20 verbose headers   'x-served-by': 'cache-jfk1039-JFK',
20 verbose headers   'x-cache': 'HIT',
20 verbose headers   'x-cache-hits': '1',
20 verbose headers   'x-timer': 'S1458048732.976538,VS0,VE0',
20 verbose headers   vary: 'Accept' }
21 silly get cb [ 304,
21 silly get   { date: 'Tue, 15 Mar 2016 13:32:12 GMT',
21 silly get     via: '1.1 varnish',
21 silly get     'cache-control': 'max-age=300',
21 silly get     etag: '"4CUS9875CC3DGHUBAFHHN6HOD"',
21 silly get     age: '15',
21 silly get     connection: 'keep-alive',
21 silly get     'x-served-by': 'cache-jfk1039-JFK',
21 silly get     'x-cache': 'HIT',
21 silly get     'x-cache-hits': '1',
21 silly get     'x-timer': 'S1458048732.976538,VS0,VE0',
21 silly get     vary: 'Accept' } ]
22 verbose etag https://registry.npmjs.org/ios-deploy from cache
23 verbose get saving ios-deploy to /Users/diegoarena/.npm/registry.npmjs.org/ios-deploy/.cache.json
24 verbose correctMkdir /Users/diegoarena/.npm correctMkdir not in flight; initializing
25 silly install normalizeTree
26 silly loadCurrentTree Finishing
27 silly loadIdealTree Starting
28 silly install loadIdealTree
29 silly cloneCurrentTree Starting
30 silly install cloneCurrentTreeToIdealTree
31 silly cloneCurrentTree Finishing
32 silly loadShrinkwrap Starting
33 silly install loadShrinkwrap
34 silly loadShrinkwrap Finishing
35 silly loadAllDepsIntoIdealTree Starting
36 silly install loadAllDepsIntoIdealTree
37 silly resolveWithNewModule ios-deploy@1.8.5 checking installable status
38 silly cache add args [ 'ios-deploy', null ]
39 verbose cache add spec ios-deploy
40 silly cache add parsed spec Result {
40 silly cache add   raw: 'ios-deploy',
40 silly cache add   scope: null,
40 silly cache add   name: 'ios-deploy',
40 silly cache add   rawSpec: '',
40 silly cache add   spec: 'latest',
40 silly cache add   type: 'tag' }
41 silly addNamed ios-deploy@latest
42 verbose addNamed "latest" is being treated as a dist-tag for ios-deploy
43 info addNameTag [ 'ios-deploy', 'latest' ]
44 silly mapToRegistry name ios-deploy
45 silly mapToRegistry using default registry
46 silly mapToRegistry registry https://registry.npmjs.org/
47 silly mapToRegistry uri https://registry.npmjs.org/ios-deploy
48 verbose addNameTag registry:https://registry.npmjs.org/ios-deploy not in flight; fetching
49 verbose get https://registry.npmjs.org/ios-deploy not expired, no request
50 silly addNameTag next cb for ios-deploy with tag latest
51 silly addNamed ios-deploy@1.8.5
52 verbose addNamed "1.8.5" is a plain semver version for ios-deploy
53 silly cache afterAdd ios-deploy@1.8.5
54 verbose afterAdd /Users/diegoarena/.npm/ios-deploy/1.8.5/package/package.json not in flight; writing
55 verbose correctMkdir /Users/diegoarena/.npm correctMkdir not in flight; initializing
56 verbose afterAdd /Users/diegoarena/.npm/ios-deploy/1.8.5/package/package.json written
57 silly loadAllDepsIntoIdealTree Finishing
58 silly idealTree:prePrune lib
58 silly idealTree:prePrune └── ios-deploy@1.8.5
59 silly loadIdealTree Finishing
60 silly currentTree lib
61 silly idealTree lib
61 silly idealTree └── ios-deploy@1.8.5
62 silly generateActionsToTake Starting
63 silly install generateActionsToTake
64 silly generateActionsToTake Finishing
65 silly diffTrees action count 1
66 silly diffTrees add ios-deploy@1.8.5
67 silly decomposeActions action count 8
68 silly decomposeActions fetch ios-deploy@1.8.5
69 silly decomposeActions extract ios-deploy@1.8.5
70 silly decomposeActions test ios-deploy@1.8.5
71 silly decomposeActions preinstall ios-deploy@1.8.5
72 silly decomposeActions build ios-deploy@1.8.5
73 silly decomposeActions install ios-deploy@1.8.5
74 silly decomposeActions postinstall ios-deploy@1.8.5
75 silly decomposeActions finalize ios-deploy@1.8.5
76 silly executeActions Starting
77 silly install executeActions
78 silly doSerial global-install 0
79 silly doParallel fetch 1
80 verbose correctMkdir /Users/diegoarena/.npm/_locks correctMkdir not in flight; initializing
81 verbose lock using /Users/diegoarena/.npm/_locks/staging-3a08f0df5026584d.lock for /usr/local/lib/node_modules/.staging
82 silly doParallel extract 1
83 silly extract ios-deploy@1.8.5
84 verbose unbuild lib/node_modules/.staging/ios-deploy-298c9491
85 silly gentlyRm /usr/local/lib/node_modules/.staging/ios-deploy-298c9491 is being purged from base /usr/local
86 verbose gentlyRm don't care about contents; nuking /usr/local/lib/node_modules/.staging/ios-deploy-298c9491
87 verbose tar unpack /Users/diegoarena/.npm/ios-deploy/1.8.5/package.tgz
88 verbose tar unpacking to /usr/local/lib/node_modules/.staging/ios-deploy-298c9491
89 silly gentlyRm /usr/local/lib/node_modules/.staging/ios-deploy-298c9491 is being purged
90 verbose gentlyRm don't care about contents; nuking /usr/local/lib/node_modules/.staging/ios-deploy-298c9491
91 silly gunzTarPerm modes [ '755', '644' ]
92 silly gunzTarPerm extractEntry package.json
93 silly gunzTarPerm extractEntry .npmignore
94 silly gunzTarPerm extractEntry README.md
95 silly gunzTarPerm extractEntry LICENSE
96 silly gunzTarPerm extractEntry CONTRIBUTING.md
97 silly gunzTarPerm extractEntry demo/.npmignore
98 silly gunzTarPerm extractEntry demo/Entitlements.plist
99 silly gunzTarPerm extractEntry demo/Info.plist
100 silly gunzTarPerm extractEntry demo/Makefile
101 silly gunzTarPerm extractEntry demo/ResourceRules.plist
102 silly gunzTarPerm extractEntry demo/demo.c
103 silly gunzTarPerm extractEntry ios-deploy.xcodeproj/project.pbxproj
104 silly gunzTarPerm extractEntry ios-deploy.xcodeproj/xcshareddata/xcschemes/ios-deploy-tests.xcscheme
105 silly gunzTarPerm extractEntry src/ios-deploy/MobileDevice.h
106 silly gunzTarPerm extractEntry src/ios-deploy/errors.h
107 silly gunzTarPerm extractEntry src/ios-deploy/ios-deploy.m
108 silly gunzTarPerm extractEntry src/ios-deploy/lldb.py.h
109 silly gunzTarPerm extractEntry src/ios-deploy/version.h
110 silly gunzTarPerm extractEntry src/ios-deploy-lib/libios_deploy.h
111 silly gunzTarPerm extractEntry src/ios-deploy-lib/libios_deploy.m
112 silly gunzTarPerm extractEntry src/ios-deploy-tests/Info.plist
113 silly gunzTarPerm extractEntry src/ios-deploy-tests/ios_deploy_tests.m
114 silly gunzTarPerm extractEntry src/scripts/check_reqs.js
115 silly gunzTarPerm extractEntry src/scripts/lldb.py
116 silly gunzTarPerm extractEntry src/scripts/lldb.pyc
117 silly gentlyRm /usr/local/lib/node_modules/.staging/ios-deploy-298c9491/node_modules is being purged
118 verbose gentlyRm don't care about contents; nuking /usr/local/lib/node_modules/.staging/ios-deploy-298c9491/node_modules
119 silly doParallel preinstall 1
120 silly preinstall ios-deploy@1.8.5 /usr/local/lib/node_modules/.staging/ios-deploy-298c9491
121 info lifecycle ios-deploy@1.8.5~preinstall: ios-deploy@1.8.5
122 warn lifecycle ios-deploy@1.8.5~preinstall: cannot run in wd %s %s (wd=%s) ios-deploy@1.8.5 ./src/scripts/check_reqs.js && xcodebuild /usr/local/lib/node_modules/.staging/ios-deploy-298c9491
123 silly doReverseSerial remove 0
124 silly doSerial move 0
125 silly doSerial finalize 1
126 silly finalize /usr/local/lib/node_modules/ios-deploy
127 silly doSerial build 1
128 silly build ios-deploy@1.8.5
129 info linkStuff ios-deploy@1.8.5
130 silly linkStuff ios-deploy@1.8.5 has /usr/local/lib/node_modules as its parent node_modules
131 silly linkStuff ios-deploy@1.8.5 is part of a global install
132 silly linkStuff ios-deploy@1.8.5 is installed into a global node_modules
133 silly linkStuff ios-deploy@1.8.5 is installed into the top-level global node_modules
134 verbose linkBins ios-deploy@1.8.5
135 verbose link bins [ { 'ios-deploy': './build/Release/ios-deploy' },
135 verbose link bins   '/usr/local/bin',
135 verbose link bins   true ]
136 verbose linkMans ios-deploy@1.8.5
137 verbose unlock done using /Users/diegoarena/.npm/_locks/staging-3a08f0df5026584d.lock for /usr/local/lib/node_modules/.staging
138 silly rollbackFailedOptional Starting
139 silly rollbackFailedOptional Finishing
140 silly runTopLevelLifecycles Starting
141 silly runTopLevelLifecycles Finishing
142 silly install printInstalled
143 verbose stack Error: ENOENT: no such file or directory, chmod '/usr/local/lib/node_modules/ios-deploy/build/Release/ios-deploy'
143 verbose stack     at Error (native)
144 verbose cwd /Users/diegoarena/Work/Varun/Phonegap/AcuantHybridSampleSDK
145 error Darwin 15.3.0
146 error argv "/usr/local/bin/node" "/usr/local/bin/npm" "install" "-g" "ios-deploy"
147 error node v5.8.0
148 error npm  v3.7.3
149 error path /usr/local/lib/node_modules/ios-deploy/build/Release/ios-deploy
150 error code ENOENT
151 error errno -2
152 error syscall chmod
153 error enoent ENOENT: no such file or directory, chmod '/usr/local/lib/node_modules/ios-deploy/build/Release/ios-deploy'
154 error enoent ENOENT: no such file or directory, chmod '/usr/local/lib/node_modules/ios-deploy/build/Release/ios-deploy'
154 error enoent This is most likely not a problem with npm itself
154 error enoent and is related to npm not being able to find a file.
155 verbose exit [ -2, true ]
